<?xml version="1.0" encoding="UTF-8"?>
<testsuite xmlns:xsi="http://www.w3.org/2001/XMLSchema-instance" xsi:noNamespaceSchemaLocation="https://maven.apache.org/surefire/maven-surefire-plugin/xsd/surefire-test-report-3.0.xsd" version="3.0" name="testCompiler.SemanticTestWhile" time="0.062" tests="2" errors="0" skipped="0" failures="0">
  <properties>
[...]
</properties>
  <testcase name="tc_While1" classname="testCompiler.SemanticTestWhile" time="0.053">
    <system-err><![CDATA[mar 24, 2023 6:54:31 PM testCompiler.SemanticTestWhile tc_While1
INFORMAZIONI: 
 Eccezione ConditionNotValid Catturata
]]></system-err>
  </testcase>
  <testcase name="tc_While2" classname="testCompiler.SemanticTestWhile" time="0.003">
    <system-out><![CDATA[ansa
]]></system-out>
    <system-err><![CDATA[mar 24, 2023 6:54:31 PM testCompiler.SemanticTestWhile tc_While2
INFORMAZIONI: 
 Eccezione NoDeclarationError Catturata
]]></system-err>
  </testcase>
</testsuite>